0 info it worked if it ends with ok
1 verbose cli [ 'node', '/Users/kylestetz/npm/bin/npm', 'start' ]
2 info using npm@2.6.1
3 info using node@v0.10.32
4 verbose node symlink /usr/local/bin/node
5 verbose run-script [ 'prestart', 'start', 'poststart' ]
6 info prestart templating@0.0.1
7 info start templating@0.0.1
8 verbose unsafe-perm in lifecycle true
9 info templating@0.0.1 Failed to exec start script
10 verbose stack Error: templating@0.0.1 start: `node app.js`
10 verbose stack Exit status 8
10 verbose stack     at EventEmitter.<anonymous> (/Users/kylestetz/npm/lib/node_modules/npm/lib/utils/lifecycle.js:213:16)
10 verbose stack     at EventEmitter.emit (events.js:98:17)
10 verbose stack     at ChildProcess.<anonymous> (/Users/kylestetz/npm/lib/node_modules/npm/lib/utils/spawn.js:14:12)
10 verbose stack     at ChildProcess.emit (events.js:98:17)
10 verbose stack     at maybeClose (child_process.js:756:16)
10 verbose stack     at Process.ChildProcess._handle.onexit (child_process.js:823:5)
11 verbose pkgid templating@0.0.1
12 verbose cwd /Users/kylestetz/Sites/templating-tutorial
13 error Darwin 14.0.0
14 error argv "node" "/Users/kylestetz/npm/bin/npm" "start"
15 error node v0.10.32
16 error npm  v2.6.1
17 error code ELIFECYCLE
18 error templating@0.0.1 start: `node app.js`
18 error Exit status 8
19 error Failed at the templating@0.0.1 start script 'node app.js'.
19 error This is most likely a problem with the templating package,
19 error not with npm itself.
19 error Tell the author that this fails on your system:
19 error     node app.js
19 error You can get their info via:
19 error     npm owner ls templating
19 error There is likely additional logging output above.
20 verbose exit [ 1, true ]
